<?xml version="1.0" encoding="UTF-8"?>
<!-- Generated by org.testng.reporters.JUnitReportReporter -->
<testsuite hostname="DESKTOP-C7IQGVT" failures="0" tests="1" name="Failed_XML.assertEquals" time="20.939" errors="0" timestamp="2023-03-06T10:30:31 IST" skipped="0">
  <testcase classname="Failed_XML.assertEquals" name="NewAccount" time="20.939"/>
  <system-out/>
</testsuite> <!-- Failed_XML.assertEquals -->
