<?xml version="1.0" encoding="UTF-8"?>
<!-- Generated by org.testng.reporters.JUnitReportReporter -->
<testsuite hostname="DESKTOP-C7IQGVT" failures="0" tests="1" name="TestSuite.NewCustomer_Guru99" time="61.589" errors="0" timestamp="2023-03-04T18:34:41 IST" skipped="0">
  <testcase classname="TestSuite.NewCustomer_Guru99" name="NewCustomer" time="61.589"/>
  <system-out/>
</testsuite> <!-- TestSuite.NewCustomer_Guru99 -->
