<?xml version="1.0" encoding="UTF-8"?>
<!-- Generated by org.testng.reporters.JUnitReportReporter -->
<testsuite hostname="DESKTOP-C7IQGVT" failures="0" tests="1" name="TestSuite.EditCustomer_Guru99" time="48.959" errors="0" timestamp="2023-03-04T18:34:42 IST" skipped="0">
  <testcase classname="TestSuite.EditCustomer_Guru99" name="EditCustomer" time="48.959"/>
  <system-out/>
</testsuite> <!-- TestSuite.EditCustomer_Guru99 -->
