<?xml version="1.0" encoding="UTF-8"?>
<!-- Generated by org.testng.reporters.JUnitReportReporter -->
<testsuite hostname="DESKTOP-C7IQGVT" failures="0" tests="1" name="Guru99_TestCases.TC_BalanceInquiry" time="82.392" errors="0" timestamp="2023-03-11T23:05:50 IST" skipped="0">
  <testcase classname="Guru99_TestCases.TC_BalanceInquiry" name="BalanceInquiryTest" time="82.392"/>
  <system-out/>
</testsuite> <!-- Guru99_TestCases.TC_BalanceInquiry -->
