<?xml version="1.0" encoding="UTF-8"?>
<!-- Generated by org.testng.reporters.JUnitReportReporter -->
<testsuite hostname="DESKTOP-C7IQGVT" failures="0" tests="5" name="TestNGFeatures.InvocationCountKeyword" time="115.855" errors="0" timestamp="2023-03-02T13:45:16 IST" skipped="0">
  <testcase classname="TestNGFeatures.InvocationCountKeyword" name="method" time="15.842"/>
  <system-out/>
  <testcase classname="TestNGFeatures.InvocationCountKeyword" name="method" time="19.217"/>
  <system-out/>
  <testcase classname="TestNGFeatures.InvocationCountKeyword" name="method" time="28.626"/>
  <system-out/>
  <testcase classname="TestNGFeatures.InvocationCountKeyword" name="method" time="27.881"/>
  <system-out/>
  <testcase classname="TestNGFeatures.InvocationCountKeyword" name="method" time="24.289"/>
  <system-out/>
</testsuite> <!-- TestNGFeatures.InvocationCountKeyword -->
