<?xml version="1.0" encoding="UTF-8"?>
<!-- Generated by org.testng.reporters.JUnitReportReporter -->
<testsuite hostname="DESKTOP-C7IQGVT" failures="0" tests="1" name="Failed_XML.assertNotEquals" time="26.561" errors="0" timestamp="2023-03-06T10:30:31 IST" skipped="0">
  <testcase classname="Failed_XML.assertNotEquals" name="NewAccount" time="26.561"/>
  <system-out/>
</testsuite> <!-- Failed_XML.assertNotEquals -->
