<?xml version="1.0" encoding="UTF-8"?>
<!-- Generated by org.testng.reporters.JUnitReportReporter -->
<testsuite hostname="DESKTOP-C7IQGVT" failures="0" tests="1" name="Guru99_TestCases.TC_DeleteCustomer" time="70.907" errors="0" timestamp="2023-03-11T23:05:50 IST" skipped="0">
  <testcase classname="Guru99_TestCases.TC_DeleteCustomer" name="DeleteCustomerTest" time="70.907"/>
  <system-out/>
</testsuite> <!-- Guru99_TestCases.TC_DeleteCustomer -->
