<?xml version="1.0" encoding="UTF-8"?>
<!-- Generated by org.testng.reporters.JUnitReportReporter -->
<testsuite hostname="DESKTOP-C7IQGVT" failures="0" tests="1" name="Com.internetbanking.TestCases.TC_AccountCreation_003" time="57.054" errors="0" timestamp="2023-02-16T20:15:27 IST" skipped="0">
  <testcase classname="Com.internetbanking.TestCases.TC_AccountCreation_003" name="AddNewAccount" time="57.054"/>
  <system-out/>
</testsuite> <!-- Com.internetbanking.TestCases.TC_AccountCreation_003 -->
