<?xml version="1.0" encoding="UTF-8"?>
<!-- Generated by org.testng.reporters.JUnitReportReporter -->
<testsuite hostname="DESKTOP-C7IQGVT" failures="0" tests="4" name="TestNGFeatures.EmailableReport" time="169.272" errors="0" timestamp="2023-03-02T18:56:05 IST" skipped="0">
  <testcase classname="TestNGFeatures.EmailableReport" name="NewAccount" time="34.604"/>
  <system-out>
    <![CDATA[NewAccount]]>
  </system-out>
  <testcase classname="TestNGFeatures.EmailableReport" name="NewCustomer" time="54.655"/>
  <system-out>
    <![CDATA[NewCustomer]]>
  </system-out>
  <testcase classname="TestNGFeatures.EmailableReport" name="EditCustomer" time="52.532"/>
  <system-out>
    <![CDATA[EditCustomer]]>
  </system-out>
  <testcase classname="TestNGFeatures.EmailableReport" name="Deposit" time="27.481"/>
  <system-out>
    <![CDATA[Deposit]]>
  </system-out>
</testsuite> <!-- TestNGFeatures.EmailableReport -->
