<?xml version="1.0" encoding="UTF-8"?>
<!-- Generated by org.testng.reporters.JUnitReportReporter -->
<testsuite hostname="DESKTOP-C7IQGVT" failures="0" tests="1" name="Com.internetbanking.TestCases.NewCustomerTest" time="88.002" errors="0" timestamp="2023-02-16T20:15:27 IST" skipped="0">
  <testcase classname="Com.internetbanking.TestCases.NewCustomerTest" name="AddnewCustomer" time="88.002"/>
  <system-out/>
</testsuite> <!-- Com.internetbanking.TestCases.NewCustomerTest -->
