<?xml version="1.0" encoding="UTF-8"?>
<!-- Generated by org.testng.reporters.JUnitReportReporter -->
<testsuite hostname="DESKTOP-C7IQGVT" failures="0" tests="1" name="TestNG_ParallelTesting.Parallel_Class_2" time="176.169" errors="0" timestamp="2023-03-06T20:03:39 IST" skipped="0">
  <testcase classname="TestNG_ParallelTesting.Parallel_Class_2" name="NewAccount" time="176.169"/>
  <system-out/>
</testsuite> <!-- TestNG_ParallelTesting.Parallel_Class_2 -->
