<?xml version="1.0" encoding="UTF-8"?>
<!-- Generated by org.testng.reporters.JUnitReportReporter -->
<testsuite hostname="DESKTOP-C7IQGVT" failures="0" tests="3" name="TestNG_Annotations.Annotations_2" time="0.041" errors="0" timestamp="2023-03-02T13:23:05 IST" skipped="0">
  <testcase classname="TestNG_Annotations.Annotations_2" name="test1" time="0.035"/>
  <system-out/>
  <testcase classname="TestNG_Annotations.Annotations_2" name="test2" time="0.003"/>
  <system-out/>
  <testcase classname="TestNG_Annotations.Annotations_2" name="test3" time="0.003"/>
  <system-out/>
</testsuite> <!-- TestNG_Annotations.Annotations_2 -->
