<?xml version="1.0" encoding="UTF-8"?>
<!-- Generated by org.testng.reporters.JUnitReportReporter -->
<testsuite hostname="DESKTOP-C7IQGVT" failures="0" tests="5" name="Com.internetbanking.TestCases.TC_LoginDataTest_004" time="171.347" errors="0" timestamp="2023-02-08T22:52:01 IST" skipped="0">
  <testcase classname="Com.internetbanking.TestCases.TC_LoginDataTest_004" name="LoginData" time="42.475"/>
  <system-out/>
  <testcase classname="Com.internetbanking.TestCases.TC_LoginDataTest_004" name="LoginData" time="34.889"/>
  <system-out/>
  <testcase classname="Com.internetbanking.TestCases.TC_LoginDataTest_004" name="LoginData" time="37.325"/>
  <system-out/>
  <testcase classname="Com.internetbanking.TestCases.TC_LoginDataTest_004" name="LoginData" time="27.146"/>
  <system-out/>
  <testcase classname="Com.internetbanking.TestCases.TC_LoginDataTest_004" name="LoginData" time="29.512"/>
  <system-out/>
</testsuite> <!-- Com.internetbanking.TestCases.TC_LoginDataTest_004 -->
