<?xml version="1.0" encoding="UTF-8"?>
<!-- Generated by org.testng.reporters.JUnitReportReporter -->
<testsuite hostname="DESKTOP-C7IQGVT" failures="0" tests="1" name="TestNG_Include_Exclude.assertTrue" time="39.070" errors="0" timestamp="2023-03-06T13:54:33 IST" skipped="0">
  <testcase classname="TestNG_Include_Exclude.assertTrue" name="Deposit" time="39.070"/>
  <system-out/>
</testsuite> <!-- TestNG_Include_Exclude.assertTrue -->
