<?xml version="1.0" encoding="UTF-8"?>
<!-- Generated by org.testng.reporters.JUnitReportReporter -->
<testsuite hostname="DESKTOP-C7IQGVT" failures="0" tests="4" name="TestNGFeatures.EnabledKeyword" time="22.848" errors="0" timestamp="2023-03-02T17:01:16 IST" skipped="2">
  <testcase classname="TestNGFeatures.EnabledKeyword" name="test3" time="17.158"/>
  <system-out/>
  <testcase classname="TestNGFeatures.EnabledKeyword" name="test1" time="5.690"/>
  <system-out/>
  <testcase classname="TestNGFeatures.EnabledKeyword" name="test4">
    <skipped/>
  </testcase> <!-- test4 -->
  <system-out/>
  <testcase classname="TestNGFeatures.EnabledKeyword" name="test2">
    <skipped/>
  </testcase> <!-- test2 -->
  <system-out/>
</testsuite> <!-- TestNGFeatures.EnabledKeyword -->
