<?xml version="1.0" encoding="UTF-8"?>
<!-- Generated by org.testng.reporters.JUnitReportReporter -->
<testsuite hostname="DESKTOP-C7IQGVT" failures="0" tests="4" name="TestNG_Grouping.Class_1" time="0.009" errors="0" timestamp="2023-03-06T14:16:21 IST" skipped="0">
  <testcase classname="TestNG_Grouping.Class_1" name="TC1" time="0.002"/>
  <system-out>
    <![CDATA[running TC1]]>
  </system-out>
  <testcase classname="TestNG_Grouping.Class_1" name="TC3" time="0.002"/>
  <system-out>
    <![CDATA[running TC3]]>
  </system-out>
  <testcase classname="TestNG_Grouping.Class_1" name="TC5" time="0.001"/>
  <system-out>
    <![CDATA[running TC5]]>
  </system-out>
  <testcase classname="TestNG_Grouping.Class_1" name="TC4" time="0.004"/>
  <system-out>
    <![CDATA[running TC4]]>
  </system-out>
</testsuite> <!-- TestNG_Grouping.Class_1 -->
