<?xml version="1.0" encoding="UTF-8"?>
<!-- Generated by org.testng.reporters.JUnitReportReporter -->
<testsuite hostname="DESKTOP-C7IQGVT" failures="0" tests="3" name="ParallelTesting.ParallelTesting" time="104.079" errors="0" timestamp="2023-02-08T00:33:13 IST" skipped="0">
  <testcase classname="ParallelTesting.ParallelTesting" name="Module2" time="34.181"/>
  <system-out/>
  <testcase classname="ParallelTesting.ParallelTesting" name="Module3" time="34.844"/>
  <system-out/>
  <testcase classname="ParallelTesting.ParallelTesting" name="Module1" time="35.054"/>
  <system-out/>
</testsuite> <!-- ParallelTesting.ParallelTesting -->
