<?xml version="1.0" encoding="UTF-8"?>
<!-- Generated by org.testng.reporters.JUnitReportReporter -->
<testsuite hostname="DESKTOP-C7IQGVT" failures="0" tests="3" name="ParallelTesting.ParallelTesting1" time="137.852" errors="0" timestamp="2023-03-06T19:16:10 IST" skipped="0">
  <testcase classname="ParallelTesting.ParallelTesting1" name="Module1" time="45.578"/>
  <system-out/>
  <testcase classname="ParallelTesting.ParallelTesting1" name="Module2" time="67.209"/>
  <system-out/>
  <testcase classname="ParallelTesting.ParallelTesting1" name="Module3" time="25.065"/>
  <system-out/>
</testsuite> <!-- ParallelTesting.ParallelTesting1 -->
