<?xml version="1.0" encoding="UTF-8"?>
<!-- Generated by org.testng.reporters.JUnitReportReporter -->
<testsuite hostname="DESKTOP-C7IQGVT" failures="0" tests="1" name="TestSuite.Deposit_Guru99" time="69.423" errors="0" timestamp="2023-03-04T18:34:42 IST" skipped="0">
  <testcase classname="TestSuite.Deposit_Guru99" name="Deposit" time="69.423"/>
  <system-out/>
</testsuite> <!-- TestSuite.Deposit_Guru99 -->
