<?xml version="1.0" encoding="UTF-8"?>
<!-- Generated by org.testng.reporters.JUnitReportReporter -->
<testsuite hostname="DESKTOP-C7IQGVT" failures="0" tests="4" name="TestNGFeatures.expectedExceptionsKeyword" time="110.390" errors="0" timestamp="2023-03-02T18:47:05 IST" skipped="0">
  <testcase classname="TestNGFeatures.expectedExceptionsKeyword" name="Deposit" time="21.067"/>
  <system-out/>
  <testcase classname="TestNGFeatures.expectedExceptionsKeyword" name="NewAccount" time="19.498"/>
  <system-out/>
  <testcase classname="TestNGFeatures.expectedExceptionsKeyword" name="EditCustomer" time="21.441"/>
  <system-out/>
  <testcase classname="TestNGFeatures.expectedExceptionsKeyword" name="NewCustomer" time="48.384"/>
  <system-out/>
</testsuite> <!-- TestNGFeatures.expectedExceptionsKeyword -->
