<?xml version="1.0" encoding="UTF-8"?>
<!-- Generated by org.testng.reporters.JUnitReportReporter -->
<testsuite hostname="DESKTOP-C7IQGVT" failures="0" tests="3" name="TestNG_Annotations.Annotations_1" time="0.049" errors="0" timestamp="2023-03-02T13:10:59 IST" skipped="0">
  <testcase classname="TestNG_Annotations.Annotations_1" name="test1" time="0.037"/>
  <system-out/>
  <testcase classname="TestNG_Annotations.Annotations_1" name="test2" time="0.007"/>
  <system-out/>
  <testcase classname="TestNG_Annotations.Annotations_1" name="test3" time="0.005"/>
  <system-out/>
</testsuite> <!-- TestNG_Annotations.Annotations_1 -->
