<?xml version="1.0" encoding="UTF-8"?>
<!-- Generated by org.testng.reporters.JUnitReportReporter -->
<testsuite hostname="DESKTOP-C7IQGVT" failures="0" tests="4" name="TestNGFeatures.groupsKeyword" time="240.335" errors="0" timestamp="2023-03-02T17:52:18 IST" skipped="0">
  <testcase classname="TestNGFeatures.groupsKeyword" name="NewAccount" time="51.430"/>
  <system-out/>
  <testcase classname="TestNGFeatures.groupsKeyword" name="NewCustomer" time="82.877"/>
  <system-out/>
  <testcase classname="TestNGFeatures.groupsKeyword" name="EditCustomer" time="85.542"/>
  <system-out/>
  <testcase classname="TestNGFeatures.groupsKeyword" name="Deposit" time="20.486"/>
  <system-out/>
</testsuite> <!-- TestNGFeatures.groupsKeyword -->
