<?xml version="1.0" encoding="UTF-8"?>
<!-- Generated by org.testng.reporters.JUnitReportReporter -->
<testsuite hostname="DESKTOP-C7IQGVT" failures="0" tests="1" name="TestNG_ParallelTesting.Parallel_Class_3" time="172.807" errors="0" timestamp="2023-03-06T20:03:39 IST" skipped="0">
  <testcase classname="TestNG_ParallelTesting.Parallel_Class_3" name="CustomisedStatement" time="172.807"/>
  <system-out/>
</testsuite> <!-- TestNG_ParallelTesting.Parallel_Class_3 -->
