<?xml version="1.0" encoding="UTF-8"?>
<!-- Generated by org.testng.reporters.JUnitReportReporter -->
<testsuite hostname="DESKTOP-C7IQGVT" failures="0" tests="1" name="TestNGFeatures.keywords8" time="0.032" errors="0" timestamp="2023-03-02T18:37:33 IST" skipped="0">
  <testcase classname="TestNGFeatures.keywords8" name="Test1" time="0.032"/>
  <system-out/>
</testsuite> <!-- TestNGFeatures.keywords8 -->
