<?xml version="1.0" encoding="UTF-8"?>
<!-- Generated by org.testng.reporters.JUnitReportReporter -->
<testsuite hostname="DESKTOP-C7IQGVT" failures="0" tests="1" name="TestNG_Include_Exclude.assertNull" time="38.178" errors="0" timestamp="2023-03-06T13:54:33 IST" skipped="0">
  <testcase classname="TestNG_Include_Exclude.assertNull" name="Deposit" time="38.178"/>
  <system-out/>
</testsuite> <!-- TestNG_Include_Exclude.assertNull -->
