<?xml version="1.0" encoding="UTF-8"?>
<!-- Generated by org.testng.reporters.JUnitReportReporter -->
<testsuite hostname="DESKTOP-C7IQGVT" failures="0" tests="1" name="Failed_XML.assertNotNull" time="19.019" errors="0" timestamp="2023-03-06T10:30:31 IST" skipped="0">
  <testcase classname="Failed_XML.assertNotNull" name="NewAccount" time="19.019"/>
  <system-out/>
</testsuite> <!-- Failed_XML.assertNotNull -->
