<?xml version="1.0" encoding="UTF-8"?>
<!-- Generated by org.testng.reporters.JUnitReportReporter -->
<testsuite hostname="DESKTOP-C7IQGVT" failures="0" tests="1" name="Guru99_TestCases.TC_EditAccount" time="151.997" errors="0" timestamp="2023-03-11T22:55:08 IST" skipped="0">
  <testcase classname="Guru99_TestCases.TC_EditAccount" name="EditAccountTest" time="151.997"/>
  <system-out/>
</testsuite> <!-- Guru99_TestCases.TC_EditAccount -->
