<?xml version="1.0" encoding="UTF-8"?>
<!-- Generated by org.testng.reporters.JUnitReportReporter -->
<testsuite hostname="DESKTOP-C7IQGVT" failures="0" tests="4" name="TestNGFeatures.dependsOnMethodKeyword" time="76.658" errors="0" timestamp="2023-03-02T17:08:36 IST" skipped="0">
  <testcase classname="TestNGFeatures.dependsOnMethodKeyword" name="test1" time="9.199"/>
  <system-out/>
  <testcase classname="TestNGFeatures.dependsOnMethodKeyword" name="test2" time="20.064"/>
  <system-out/>
  <testcase classname="TestNGFeatures.dependsOnMethodKeyword" name="test3" time="20.971"/>
  <system-out/>
  <testcase classname="TestNGFeatures.dependsOnMethodKeyword" name="test4" time="26.424"/>
  <system-out/>
</testsuite> <!-- TestNGFeatures.dependsOnMethodKeyword -->
