<?xml version="1.0" encoding="UTF-8"?>
<!-- Generated by org.testng.reporters.JUnitReportReporter -->
<testsuite hostname="DESKTOP-C7IQGVT" failures="0" tests="1" name="Guru99_TestCases.TC_Withdrawal" time="70.324" errors="0" timestamp="2023-03-11T23:05:50 IST" skipped="0">
  <testcase classname="Guru99_TestCases.TC_Withdrawal" name="WithdrawalTest" time="70.324"/>
  <system-out/>
</testsuite> <!-- Guru99_TestCases.TC_Withdrawal -->
