<?xml version="1.0" encoding="UTF-8"?>
<!-- Generated by org.testng.reporters.JUnitReportReporter -->
<testsuite hostname="DESKTOP-C7IQGVT" failures="0" tests="1" name="Autocodes.HTTPRequests" time="13.514" errors="0" timestamp="2023-02-16T01:10:35 IST" skipped="0">
  <testcase classname="Autocodes.HTTPRequests" name="getUsers" time="13.514"/>
  <system-out/>
</testsuite> <!-- Autocodes.HTTPRequests -->
