<?xml version="1.0" encoding="UTF-8"?>
<!-- Generated by org.testng.reporters.JUnitReportReporter -->
<testsuite hostname="DESKTOP-C7IQGVT" failures="0" tests="1" name="TestSuite.Login_Guru99" time="32.755" errors="0" timestamp="2023-03-04T18:34:41 IST" skipped="0">
  <testcase classname="TestSuite.Login_Guru99" name="Login" time="32.755"/>
  <system-out/>
</testsuite> <!-- TestSuite.Login_Guru99 -->
