<?xml version="1.0" encoding="UTF-8"?>
<!-- Generated by org.testng.reporters.JUnitReportReporter -->
<testsuite hostname="DESKTOP-C7IQGVT" failures="0" tests="3" name="ParallelTesting.ParallelTesting3" time="147.814" errors="0" timestamp="2023-03-06T19:16:10 IST" skipped="0">
  <testcase classname="ParallelTesting.ParallelTesting3" name="Module1" time="49.821"/>
  <system-out/>
  <testcase classname="ParallelTesting.ParallelTesting3" name="Module2" time="65.838"/>
  <system-out/>
  <testcase classname="ParallelTesting.ParallelTesting3" name="Module3" time="32.155"/>
  <system-out/>
</testsuite> <!-- ParallelTesting.ParallelTesting3 -->
