<?xml version="1.0" encoding="UTF-8"?>
<!-- Generated by org.testng.reporters.JUnitReportReporter -->
<testsuite hostname="DESKTOP-C7IQGVT" failures="0" tests="1" name="TestSuite.BalanceInquiry_Guru99" time="73.238" errors="0" timestamp="2023-03-04T18:34:42 IST" skipped="0">
  <testcase classname="TestSuite.BalanceInquiry_Guru99" name="BlaanceInquiry" time="73.238"/>
  <system-out/>
</testsuite> <!-- TestSuite.BalanceInquiry_Guru99 -->
