<?xml version="1.0" encoding="UTF-8"?>
<!-- Generated by org.testng.reporters.JUnitReportReporter -->
<testsuite hostname="DESKTOP-C7IQGVT" failures="0" tests="3" name="ParallelTesting.ParallelTesting2" time="157.441" errors="0" timestamp="2023-03-06T19:16:10 IST" skipped="0">
  <testcase classname="ParallelTesting.ParallelTesting2" name="Module2" time="70.545"/>
  <system-out/>
  <testcase classname="ParallelTesting.ParallelTesting2" name="Module3" time="39.901"/>
  <system-out/>
  <testcase classname="ParallelTesting.ParallelTesting2" name="Module1" time="46.995"/>
  <system-out/>
</testsuite> <!-- ParallelTesting.ParallelTesting2 -->
