<?xml version="1.0" encoding="UTF-8"?>
<!-- Generated by org.testng.reporters.JUnitReportReporter -->
<testsuite hostname="DESKTOP-C7IQGVT" failures="0" tests="2" name="CrossBrowserTesting.Crossbrowser" time="56.073" errors="0" timestamp="2023-03-08T11:55:15 IST" skipped="0">
  <testcase classname="CrossBrowserTesting.Crossbrowser" name="OrangHRMLogin" time="24.403"/>
  <system-out/>
  <testcase classname="CrossBrowserTesting.Crossbrowser" name="OrangHRMLogin" time="31.670"/>
  <system-out/>
</testsuite> <!-- CrossBrowserTesting.Crossbrowser -->
