<?xml version="1.0" encoding="UTF-8"?>
<!-- Generated by org.testng.reporters.JUnitReportReporter -->
<testsuite hostname="DESKTOP-C7IQGVT" failures="0" tests="4" name="TestNGFeatures.PriorityKeyword" time="102.667" errors="0" timestamp="2023-03-02T16:58:47 IST" skipped="0">
  <testcase classname="TestNGFeatures.PriorityKeyword" name="test1" time="5.562"/>
  <system-out/>
  <testcase classname="TestNGFeatures.PriorityKeyword" name="test3" time="20.690"/>
  <system-out/>
  <testcase classname="TestNGFeatures.PriorityKeyword" name="test2" time="34.540"/>
  <system-out/>
  <testcase classname="TestNGFeatures.PriorityKeyword" name="test4" time="41.875"/>
  <system-out/>
</testsuite> <!-- TestNGFeatures.PriorityKeyword -->
