<?xml version="1.0" encoding="UTF-8"?>
<!-- Generated by org.testng.reporters.JUnitReportReporter -->
<testsuite hostname="DESKTOP-C7IQGVT" failures="0" tests="1" name="TestNG_Examples.ExampleofTestNGTestClass" time="25.057" errors="0" timestamp="2023-03-02T12:43:51 IST" skipped="0">
  <testcase classname="TestNG_Examples.ExampleofTestNGTestClass" name="LoginPage" time="25.057"/>
  <system-out/>
</testsuite> <!-- TestNG_Examples.ExampleofTestNGTestClass -->
